<?xml version="1.0" encoding="UTF-8"?>
<!-- Generated by org.testng.reporters.JUnitXMLReporter -->
<testsuite ignored="0" hostname="LAPTOP-L4E43QCP" failures="0" tests="4" name="Default test" time="0.05" errors="0" timestamp="2023-12-24T17:40:22 IST">
  <testcase classname="testNG.dataprovider" name="datacollect" time="0.004"/>
  <testcase classname="testNG.dataprovider" name="datacollect" time="0.001"/>
  <testcase classname="testNG.dataprovider" name="datacollect2" time="0.001"/>
  <testcase classname="testNG.dataprovider" name="datacollect2" time="0.001"/>
</testsuite> <!-- Default test -->
