<?xml version="1.0" encoding="UTF-8"?>
<!-- Generated by org.testng.reporters.JUnitXMLReporter -->
<testsuite ignored="0" hostname="LAPTOP-L4E43QCP" failures="0" tests="12" name="TestGrouping" time="0.083" errors="0" timestamp="2023-08-30T23:52:12 IST">
  <testcase classname="testNG.Grouping" name="browseroff" time="0.015"/>
  <testcase classname="testNG.Grouping" name="browseron" time="0.001"/>
  <testcase classname="testNG.Grouping" name="first" time="0.001"/>
  <testcase classname="testNG.Grouping" name="forth" time="0.002"/>
  <testcase classname="testNG.Grouping" name="test2" time="0.001"/>
  <testcase classname="testNG.Grouping" name="test3" time="0.002"/>
  <testcase classname="testNG.groupclass" name="browseroff" time="0.002"/>
  <testcase classname="testNG.groupclass" name="browseron" time="0.001"/>
  <testcase classname="testNG.groupclass" name="first" time="0.001"/>
  <testcase classname="testNG.groupclass" name="forth" time="0.002"/>
  <testcase classname="testNG.groupclass" name="test2" time="0.001"/>
  <testcase classname="testNG.groupclass" name="test3" time="0.002"/>
</testsuite> <!-- TestGrouping -->
