<?xml version="1.0" encoding="UTF-8"?>
<!-- Generated by org.testng.reporters.JUnitXMLReporter -->
<testsuite ignored="3" hostname="LAPTOP-L4E43QCP" failures="1" tests="2" name="Test2" time="1.027" errors="0" timestamp="2023-09-04T23:57:14 IST">
  <testcase classname="testNG.Listener" name="testmethod3" time="1.007">
    <failure type="org.testng.internal.thread.ThreadTimeoutException" message="Method testNG.Listener.testmethod3() didn&amp;apos;t finish within the time-out 1000">
      <![CDATA[org.testng.internal.thread.ThreadTimeoutException: Method testNG.Listener.testmethod3() didn't finish within the time-out 1000
at java.base/java.util.ArrayList.forEach(ArrayList.java:1511)
... Removed 24 stack frames]]>
    </failure>
  </testcase> <!-- testmethod3 -->
  <testcase classname="testNG.Listener" name="testmethod4" time="0.0">
    <skipped/>
  </testcase> <!-- testmethod4 -->
  <testcase classname="testNG.Listener" name="testmethod2" time="0.0">
    <ignored/>
  </testcase> <!-- testmethod2 -->
  <testcase classname="testNG.Listener" name="testmethod5" time="0.0">
    <ignored/>
  </testcase> <!-- testmethod5 -->
  <testcase classname="testNG.Listener" name="testmethod1" time="0.0">
    <ignored/>
  </testcase> <!-- testmethod1 -->
</testsuite> <!-- Test2 -->
