<?xml version="1.0" encoding="UTF-8"?>
<!-- Generated by org.testng.reporters.JUnitXMLReporter -->
<testsuite ignored="0" hostname="LAPTOP-L4E43QCP" failures="0" tests="4" name="Test" time="22.712" errors="0" timestamp="2023-10-21T10:22:06 IST">
  <testcase classname="testNG.parallel_execution" name="BM" time="13.55"/>
  <testcase classname="testNG.parallel_execution" name="BM" time="14.598"/>
  <testcase classname="testNG.parallel_execution" name="BM" time="7.332"/>
  <testcase classname="testNG.parallel_execution" name="BM" time="8.061"/>
</testsuite> <!-- Test -->
