<?xml version="1.0" encoding="UTF-8"?>
<testng-results ignored="0" total="4" passed="4" failed="0" skipped="0">
  <reporter-output>
  </reporter-output>
  <suite started-at="2023-12-24T17:40:22 IST" name="Default suite" finished-at="2023-12-24T17:40:22 IST" duration-ms="50">
    <groups>
    </groups>
    <test started-at="2023-12-24T17:40:22 IST" name="Default test" finished-at="2023-12-24T17:40:22 IST" duration-ms="50">
      <class name="testNG.dataprovider">
        <test-method signature="datacollect(java.lang.String)[pri:0, instance:testNG.dataprovider@3ee37e5a]" started-at="2023-12-24T17:40:22 IST" name="datacollect" data-provider="data" finished-at="2023-12-24T17:40:22 IST" duration-ms="4" status="PASS">
          <params>
            <param index="0">
              <value>
                <![CDATA[yogesh]]>
              </value>
            </param>
          </params>
          <reporter-output>
          </reporter-output>
        </test-method> <!-- datacollect -->
        <test-method signature="datacollect(java.lang.String)[pri:0, instance:testNG.dataprovider@3ee37e5a]" started-at="2023-12-24T17:40:22 IST" name="datacollect" data-provider="data" finished-at="2023-12-24T17:40:22 IST" duration-ms="1" status="PASS">
          <params>
            <param index="0">
              <value>
                <![CDATA[adding data]]>
              </value>
            </param>
          </params>
          <reporter-output>
          </reporter-output>
        </test-method> <!-- datacollect -->
        <test-method signature="datacollect2([Ljava.lang.String;)[pri:0, instance:testNG.dataprovider@3ee37e5a]" started-at="2023-12-24T17:40:22 IST" name="datacollect2" data-provider="data2" finished-at="2023-12-24T17:40:22 IST" duration-ms="1" status="PASS">
          <params>
            <param index="0">
              <value>
                <![CDATA[[Ljava.lang.String;@3e0e1046]]>
              </value>
            </param>
          </params>
          <reporter-output>
          </reporter-output>
        </test-method> <!-- datacollect2 -->
        <test-method signature="datacollect2([Ljava.lang.String;)[pri:0, instance:testNG.dataprovider@3ee37e5a]" started-at="2023-12-24T17:40:22 IST" name="datacollect2" data-provider="data2" finished-at="2023-12-24T17:40:22 IST" duration-ms="1" status="PASS">
          <params>
            <param index="0">
              <value>
                <![CDATA[[Ljava.lang.String;@24c1b2d2]]>
              </value>
            </param>
          </params>
          <reporter-output>
          </reporter-output>
        </test-method> <!-- datacollect2 -->
      </class> <!-- testNG.dataprovider -->
    </test> <!-- Default test -->
  </suite> <!-- Default suite -->
</testng-results>
